2021-10-06 11:02:59,423 log.py printing INFO ./Spider/test.py   Function: <module>  Line: 114  Exception: Message: no such element: Unable to locate element: {"method":"css selector","selector":".van-cell.van-cell--clickable.van-cell--required.van-field"}
  (Session info: headless chrome=94.0.4606.71)

2021-10-06 11:03:28,010 log.py printing INFO ./Spider/test.py   Function: <module>  Line: 114  Exception: Message: no such element: Unable to locate element: {"method":"css selector","selector":".van-cell.van-cell--clickable.van-cell--required.van-field"}
  (Session info: headless chrome=94.0.4606.71)

2021-10-06 11:03:28,010 log.py printing INFO ./Spider/test.py   Function: <module>  Line: 114  Exception: Message: no such element: Unable to locate element: {"method":"css selector","selector":".van-cell.van-cell--clickable.van-cell--required.van-field"}
  (Session info: headless chrome=94.0.4606.71)

2021-10-06 11:03:56,939 log.py printing INFO ./Spider/test.py   Function: <module>  Line: 114  Exception: Message: no such element: Unable to locate element: {"method":"css selector","selector":".van-cell.van-cell--clickable.van-cell--required.van-field"}
  (Session info: headless chrome=94.0.4606.71)

2021-10-06 11:03:56,939 log.py printing INFO ./Spider/test.py   Function: <module>  Line: 114  Exception: Message: no such element: Unable to locate element: {"method":"css selector","selector":".van-cell.van-cell--clickable.van-cell--required.van-field"}
  (Session info: headless chrome=94.0.4606.71)

2021-10-06 11:03:56,939 log.py printing INFO ./Spider/test.py   Function: <module>  Line: 114  Exception: Message: no such element: Unable to locate element: {"method":"css selector","selector":".van-cell.van-cell--clickable.van-cell--required.van-field"}
  (Session info: headless chrome=94.0.4606.71)

2021-10-06 23:03:29,428 log.py printing INFO ./Spider/test.py   Function: <module>  Line: 114  Exception: Message: element not interactable
  (Session info: headless chrome=94.0.4606.71)

2021-10-06 23:04:06,482 log.py printing INFO ./Spider/test.py   Function: <module>  Line: 114  Exception: Message: element not interactable
  (Session info: headless chrome=94.0.4606.71)

2021-10-06 23:04:06,482 log.py printing INFO ./Spider/test.py   Function: <module>  Line: 114  Exception: Message: element not interactable
  (Session info: headless chrome=94.0.4606.71)

2021-10-06 23:04:43,506 log.py printing INFO ./Spider/test.py   Function: <module>  Line: 114  Exception: Message: element not interactable
  (Session info: headless chrome=94.0.4606.71)

2021-10-06 23:04:43,506 log.py printing INFO ./Spider/test.py   Function: <module>  Line: 114  Exception: Message: element not interactable
  (Session info: headless chrome=94.0.4606.71)

2021-10-06 23:04:43,506 log.py printing INFO ./Spider/test.py   Function: <module>  Line: 114  Exception: Message: element not interactable
  (Session info: headless chrome=94.0.4606.71)

